#
# An unexpected error has been detected by Java Runtime Environment:
#
#  EXCEPTION_ACCESS_VIOLATION (0xc0000005) at pc=0x6d984bf6, pid=15504, tid=13448
#
# Java VM: Java HotSpot(TM) Client VM (11.0-b15 mixed mode, sharing windows-x86)
# Problematic frame:
# V  [jvm.dll+0xd4bf6]
#
# If you would like to submit a bug report, please visit:
#   http://java.sun.com/webapps/bugreport/crash.jsp
#

---------------  T H R E A D  ---------------

Current thread (0x008ba400):  JavaThread "main" [_thread_in_vm, id=13448, stack(0x00290000,0x002e0000)]

siginfo: ExceptionCode=0xc0000005, reading address 0x00000000

Registers:
EAX=0x00000000, EBX=0x008ba514, ECX=0x00000006, EDX=0x002df778
ESP=0x002df6e8, EBP=0x00000000, ESI=0x008ba400, EDI=0x00000000
EIP=0x6d984bf6, EFLAGS=0x00010246

Top of Stack: (sp=0x002df6e8)
0x002df6e8:   00000000 00000000 002df76c 00000000
0x002df6f8:   008ba400 00000000 002df81c 6da78680
0x002df708:   6da7a2e0 ffffffff 00000000 6d8b10df
0x002df718:   008ba400 008ba400 6d97e6cd 008ba400
0x002df728:   00000006 00000004 00000000 1000122f
0x002df738:   008ba514 00000000 00000000 002df778
0x002df748:   002df804 00000002 00000000 00000000
0x002df758:   00000000 00000000 00000000 008ba514 

Instructions: (pc=0x6d984bf6)
0x6d984be6:   14 74 09 8d 4c 24 10 e8 7e 69 08 00 8b 7c 24 58
0x6d984bf6:   8b 07 c7 44 24 20 0a 00 00 00 8b 48 08 0f b7 51 


Stack: [0x00290000,0x002e0000],  sp=0x002df6e8,  free space=317k
Native frames: (J=compiled Java code, j=interpreted, Vv=VM code, C=native code)
V  [jvm.dll+0xd4bf6]

[error occurred during error reporting (printing native stack), id 0xc0000005]

Java frames: (J=compiled Java code, j=interpreted, Vv=VM code)
j  org.eclipse.swt.internal.win32.OS.OleUninitialize()V+0
j  org.eclipse.swt.widgets.Display.releaseDisplay()V+607
j  org.eclipse.swt.widgets.Display.release()V+154
j  org.eclipse.swt.graphics.Device.dispose()V+50
j  chrriis.dj.nativeswing.swtimpl.core.SWTNativeInterface.destroyControls()V+104
j  chrriis.dj.nativeswing.swtimpl.core.SWTNativeInterface.access$4()V+0
j  chrriis.dj.nativeswing.swtimpl.core.SWTNativeInterface$OutProcess$CMN_destroyControls$1.run()V+0
J  org.eclipse.swt.widgets.Synchronizer.runAsyncMessages(Z)Z
J  org.eclipse.swt.widgets.Display.readAndDispatch()Z
j  chrriis.dj.nativeswing.swtimpl.core.SWTNativeInterface$OutProcess.runNativeSide([Ljava/lang/String;)V+522
j  chrriis.dj.nativeswing.swtimpl.core.SWTNativeInterface.main_([Ljava/lang/String;)V+1
j  chrriis.dj.nativeswing.swtimpl.NativeInterface.main([Ljava/lang/String;)V+7
v  ~StubRoutines::call_stub

---------------  P R O C E S S  ---------------

Java Threads: ( => current thread )
  0x03a6c400 JavaThread "NativeSwing[1] Non-UI Message [19] Executor" daemon [_thread_blocked, id=16016, stack(0x087a0000,0x087f0000)]
  0x03a1b400 JavaThread "Registry cleanup thread-0" daemon [_thread_blocked, id=12536, stack(0x088f0000,0x08940000)]
  0x03a76400 JavaThread "NativeSwing[1] SWT Receiver" daemon [_thread_in_native, id=4456, stack(0x08070000,0x080c0000)]
  0x01656000 JavaThread "Low Memory Detector" daemon [_thread_blocked, id=15008, stack(0x03920000,0x03970000)]
  0x01651400 JavaThread "CompilerThread0" daemon [_thread_blocked, id=13268, stack(0x038d0000,0x03920000)]
  0x01650800 JavaThread "Attach Listener" daemon [_thread_blocked, id=11956, stack(0x03880000,0x038d0000)]
  0x0164fc00 JavaThread "Signal Dispatcher" daemon [_thread_blocked, id=10864, stack(0x03830000,0x03880000)]
  0x01603000 JavaThread "Finalizer" daemon [_thread_blocked, id=12516, stack(0x037e0000,0x03830000)]
  0x01601800 JavaThread "Reference Handler" daemon [_thread_blocked, id=6688, stack(0x03790000,0x037e0000)]
=>0x008ba400 JavaThread "main" [_thread_in_vm, id=13448, stack(0x00290000,0x002e0000)]

Other Threads:
  0x01600000 VMThread [stack: 0x03740000,0x03790000] [id=14092]
  0x01669400 WatcherThread [stack: 0x03970000,0x039c0000] [id=15428]

VM state:not at safepoint (normal execution)

VM Mutex/Monitor currently owned by a thread: None

Heap
 def new generation   total 960K, used 249K [0x23a90000, 0x23b90000, 0x23f70000)
  eden space 896K,  20% used [0x23a90000, 0x23abf040, 0x23b70000)
  from space 64K,  95% used [0x23b80000, 0x23b8f570, 0x23b90000)
  to   space 64K,   0% used [0x23b70000, 0x23b70000, 0x23b80000)
 tenured generation   total 4096K, used 355K [0x23f70000, 0x24370000, 0x27a90000)
   the space 4096K,   8% used [0x23f70000, 0x23fc8f10, 0x23fc9000, 0x24370000)
 compacting perm gen  total 12288K, used 2518K [0x27a90000, 0x28690000, 0x2ba90000)
   the space 12288K,  20% used [0x27a90000, 0x27d058b0, 0x27d05a00, 0x28690000)
    ro space 8192K,  67% used [0x2ba90000, 0x2bff2f30, 0x2bff3000, 0x2c290000)
    rw space 12288K,  53% used [0x2c290000, 0x2c900180, 0x2c900200, 0x2ce90000)

Dynamic libraries:
0x00400000 - 0x00424000 	C:\Program Files\Java\jdk1.6.0\jre\bin\java.exe
0x77750000 - 0x7788c000 	C:\Windows\SYSTEM32\ntdll.dll
0x75be0000 - 0x75cb4000 	C:\Windows\system32\kernel32.dll
0x75960000 - 0x759aa000 	C:\Windows\system32\KERNELBASE.dll
0x76ac0000 - 0x76b60000 	C:\Windows\system32\ADVAPI32.dll
0x776a0000 - 0x7774c000 	C:\Windows\system32\msvcrt.dll
0x77910000 - 0x77929000 	C:\Windows\SYSTEM32\sechost.dll
0x76e40000 - 0x76ee1000 	C:\Windows\system32\RPCRT4.dll
0x7c340000 - 0x7c396000 	C:\Program Files\Java\jdk1.6.0\jre\bin\msvcr71.dll
0x6d8b0000 - 0x6db06000 	C:\Program Files\Java\jdk1.6.0\jre\bin\client\jvm.dll
0x771c0000 - 0x77289000 	C:\Windows\system32\USER32.dll
0x75d60000 - 0x75dae000 	C:\Windows\system32\GDI32.dll
0x75d50000 - 0x75d5a000 	C:\Windows\system32\LPK.dll
0x77290000 - 0x7732d000 	C:\Windows\system32\USP10.dll
0x73a90000 - 0x73ac2000 	C:\Windows\system32\WINMM.dll
0x75db0000 - 0x75dcf000 	C:\Windows\system32\IMM32.DLL
0x770f0000 - 0x771bc000 	C:\Windows\system32\MSCTF.dll
0x757e0000 - 0x7582b000 	C:\Windows\system32\apphelp.dll
0x6d330000 - 0x6d338000 	C:\Program Files\Java\jdk1.6.0\jre\bin\hpi.dll
0x75d40000 - 0x75d45000 	C:\Windows\system32\PSAPI.DLL
0x6d860000 - 0x6d86c000 	C:\Program Files\Java\jdk1.6.0\jre\bin\verify.dll
0x6d3d0000 - 0x6d3ef000 	C:\Program Files\Java\jdk1.6.0\jre\bin\java.dll
0x6d8a0000 - 0x6d8af000 	C:\Program Files\Java\jdk1.6.0\jre\bin\zip.dll
0x6d6c0000 - 0x6d6d3000 	C:\Program Files\Java\jdk1.6.0\jre\bin\net.dll
0x778d0000 - 0x77905000 	C:\Windows\system32\WS2_32.dll
0x75e60000 - 0x75e66000 	C:\Windows\system32\NSI.dll
0x75320000 - 0x7535c000 	C:\Windows\system32\mswsock.dll
0x75310000 - 0x75316000 	C:\Windows\System32\wship6.dll
0x74cc0000 - 0x74cc5000 	C:\Windows\System32\wshtcpip.dll
0x10000000 - 0x10069000 	C:\Users\xiongbiao\.swt\lib\win32\x86\swt-win32-3721.dll
0x77330000 - 0x7748c000 	C:\Windows\system32\ole32.dll
0x75dd0000 - 0x75e5f000 	C:\Windows\system32\OLEAUT32.dll
0x75cc0000 - 0x75d3b000 	C:\Windows\system32\comdlg32.dll
0x77490000 - 0x774e7000 	C:\Windows\system32\SHLWAPI.dll
0x745b0000 - 0x7474e000 	C:\Windows\WinSxS\x86_microsoft.windows.common-controls_6595b64144ccf1df_6.0.7600.16661_none_420fe3fa2b8113bd\COMCTL32.dll
0x75e70000 - 0x76ab9000 	C:\Windows\system32\SHELL32.dll
0x76d20000 - 0x76e3b000 	C:\Windows\system32\WININET.dll
0x778c0000 - 0x778c3000 	C:\Windows\system32\Normaliz.dll
0x76b60000 - 0x76d18000 	C:\Windows\system32\iertutil.dll
0x77580000 - 0x77691000 	C:\Windows\system32\urlmon.dll
0x759b0000 - 0x75acc000 	C:\Windows\system32\CRYPT32.dll
0x75950000 - 0x7595c000 	C:\Windows\system32\MSASN1.dll
0x74430000 - 0x74470000 	C:\Windows\system32\uxtheme.dll
0x61220000 - 0x612a8000 	C:\ProgramData\Tencent\TSVulFw\TSVulFW.DAT
0x74e80000 - 0x74e89000 	C:\Windows\system32\VERSION.dll
0x74df0000 - 0x74e77000 	C:\Windows\WinSxS\x86_microsoft.vc80.crt_1fc8b3b9a1e18e3b_8.0.50727.4927_none_d08a205e442db5b5\MSVCP80.dll
0x74d50000 - 0x74deb000 	C:\Windows\WinSxS\x86_microsoft.vc80.crt_1fc8b3b9a1e18e3b_8.0.50727.4927_none_d08a205e442db5b5\MSVCR80.dll
0x74080000 - 0x7409c000 	C:\Windows\system32\iphlpapi.dll
0x74070000 - 0x74077000 	C:\Windows\system32\WINNSI.DLL
0x74010000 - 0x74062000 	C:\Windows\system32\RASAPI32.dll
0x73ff0000 - 0x74005000 	C:\Windows\system32\rasman.dll
0x77890000 - 0x778ba000 	C:\Windows\system32\imagehlp.dll
0x043a0000 - 0x0468a000 	C:\Windows\system32\SOGOUPY.IME
0x73620000 - 0x73625000 	C:\Windows\system32\MSIMG32.dll
0x73b80000 - 0x73ba1000 	C:\Windows\system32\ntmarta.dll
0x77930000 - 0x77975000 	C:\Windows\system32\WLDAP32.dll
0x04a40000 - 0x04ab3000 	C:\Program Files\SogouInput\6.2.0.7476\Resource.dll
0x6ba70000 - 0x6bab2000 	C:\Program Files\SogouInput\Components\AddressSearch\1.0.0.1109\AddressSearch.dll
0x6b9c0000 - 0x6ba4c000 	C:\Program Files\SogouInput\Components\PicFace\1.0.0.743\PicFace.dll
0x74140000 - 0x741c4000 	C:\Windows\WinSxS\x86_microsoft.windows.common-controls_6595b64144ccf1df_5.82.7600.16661_none_ebfb56996c72aefc\COMCTL32.dll
0x74d10000 - 0x74d23000 	C:\Windows\system32\dwmapi.dll
0x75860000 - 0x7586c000 	C:\Windows\system32\CRYPTBASE.dll
0x6d0b0000 - 0x6d1e8000 	C:\Program Files\Java\jdk1.6.0\jre\bin\awt.dll
0x6cd20000 - 0x6cd71000 	C:\Windows\system32\WINSPOOL.DRV
0x774f0000 - 0x77573000 	C:\Windows\system32\CLBCatQ.DLL
0x66400000 - 0x66d4d000 	C:\Windows\System32\ieframe.dll
0x73550000 - 0x7358c000 	C:\Windows\System32\OLEACC.dll
0x75360000 - 0x75376000 	C:\Windows\system32\CRYPTSP.dll
0x75100000 - 0x7513b000 	C:\Windows\system32\rsaenh.dll
0x75870000 - 0x758cf000 	C:\Windows\system32\SXS.DLL
0x758d0000 - 0x758de000 	C:\Windows\system32\RpcRtRemote.dll
0x68eb0000 - 0x68eb7000 	C:\Windows\system32\msiltcfg.dll
0x6ca20000 - 0x6cc60000 	C:\Windows\system32\msi.dll
0x75690000 - 0x75698000 	C:\Windows\system32\Secur32.dll
0x757c0000 - 0x757da000 	C:\Windows\system32\SSPICLI.DLL
0x758e0000 - 0x758eb000 	C:\Windows\system32\profapi.dll
0x751e0000 - 0x75224000 	C:\Windows\system32\dnsapi.DLL
0x65830000 - 0x663f4000 	C:\Windows\System32\mshtml.dll
0x6cfd0000 - 0x6cffe000 	C:\Windows\system32\mlang.dll
0x677f0000 - 0x6781b000 	C:\Windows\system32\msls31.dll
0x76f50000 - 0x770ed000 	C:\Windows\system32\setupapi.dll
0x75ad0000 - 0x75af7000 	C:\Windows\system32\CFGMGR32.dll
0x75b00000 - 0x75b12000 	C:\Windows\system32\DEVOBJ.dll
0x65700000 - 0x657ba000 	C:\Windows\system32\d2d1.dll
0x655f0000 - 0x656fa000 	C:\Windows\system32\DWrite.dll
0x6c4f0000 - 0x6c573000 	C:\Windows\system32\dxgi.dll
0x75b20000 - 0x75b4d000 	C:\Windows\system32\WINTRUST.dll
0x6c5c0000 - 0x6c5ec000 	C:\Windows\system32\d3d10_1.dll
0x6c580000 - 0x6c5ba000 	C:\Windows\system32\d3d10_1core.dll
0x63ab0000 - 0x63c6b000 	C:\Windows\System32\jscript9.dll
0x744b0000 - 0x745a5000 	C:\Windows\system32\PROPSYS.dll
0x74750000 - 0x74789000 	C:\Windows\system32\MMDevAPI.DLL
0x73a40000 - 0x73a70000 	C:\Windows\system32\wdmaud.drv
0x73a20000 - 0x73a24000 	C:\Windows\system32\ksuser.dll
0x74960000 - 0x74967000 	C:\Windows\system32\AVRT.dll
0x73990000 - 0x739c6000 	C:\Windows\system32\AUDIOSES.DLL
0x73770000 - 0x7377d000 	C:\Windows\system32\rtutils.dll
0x73760000 - 0x73768000 	C:\Windows\system32\msacm32.drv
0x735f0000 - 0x73604000 	C:\Windows\system32\MSACM32.dll
0x70ad0000 - 0x70ad6000 	C:\Windows\system32\sensapi.dll
0x73750000 - 0x73757000 	C:\Windows\system32\midimap.dll
0x64050000 - 0x64075000 	C:\Windows\system32\peerdist.dll
0x74f40000 - 0x74f57000 	C:\Windows\system32\USERENV.dll
0x754d0000 - 0x754eb000 	C:\Windows\system32\AUTHZ.dll
0x73a80000 - 0x73a90000 	C:\Windows\system32\NLAapi.dll
0x727c0000 - 0x727c6000 	C:\Windows\system32\rasadhlp.dll
0x61b20000 - 0x61c22000 	C:\Windows\system32\d3d10.dll
0x61ae0000 - 0x61b13000 	C:\Windows\system32\d3d10core.dll
0x73de0000 - 0x73edb000 	C:\Windows\system32\windowscodecs.dll
0x638f0000 - 0x6392a000 	C:\Windows\System32\Dxtrans.dll
0x739d0000 - 0x739e4000 	C:\Windows\System32\ATL.DLL
0x638e0000 - 0x638ea000 	C:\Windows\system32\ddrawex.dll
0x637f0000 - 0x638d7000 	C:\Windows\system32\DDRAW.dll
0x637e0000 - 0x637e6000 	C:\Windows\system32\DCIMAN32.dll
0x63780000 - 0x637d9000 	C:\Windows\System32\Dxtmsft.dll

VM Arguments:
jvm_args: -Xbootclasspath/a:C:\Program Files\Java\jdk1.6.0\jre\lib\deploy.jar;C:\Program Files\Java\jdk1.6.0\jre\lib\plugin.jar;C:\Program Files\Java\jdk1.6.0\jre\lib\javaws.jar -Dnativeswing.localhostAddress=127.0.0.1 -Djava.library.path=C:\Program Files\Java\jdk1.6.0\bin;.;C:\Windows\Sun\Java\bin;C:\Windows\system32;C:\Windows;C:/Program Files/Java/jre6/bin/client;C:/Program Files/Java/jre6/bin;C:/Program Files/Java/jre6/lib/i386;C:\app\xiongbiao\product\11.1.0\db_1\bin;C:\Program Files\Common Files\NetSarang;C:\Windows\system32;C:\Windows;C:\Windows\System32\Wbem;C:\Windows\System32\WindowsPowerShell\v1.0\;%JAVA_HOME%\bin;H:\Python27;H:\Python27\Scripts;C:\Program Files\Java\jdk1.6.0\bin;H:\ant\bin;H:\android-sdk\android-sdk_r14-windows\android-sdk_r14-windows\tools;H:\ZKM\ZKMEval\ZKM.jar;H:\android-sdk\android-sdk_r14-windows\android-sdk_r14-windows\platform-tools;C:\Python25;C:\Program Files\Common Files\Autodesk Shared\;H:\开发工具\ultraedit\UltraEdit\;H:\dev_tools\eclipse工具\eclipse-jee-indigo-SR2-win32\eclipse; 
java_command: chrriis.dj.nativeswing.swtimpl.NativeInterface 1 52102
Launcher Type: SUN_STANDARD

Environment Variables:
JAVA_HOME=C:\Program Files\Java\jdk1.6.0
CLASSPATH=.;.;C:\PROGRA~1\JMF21~1.1E\lib\sound.jar;C:\PROGRA~1\JMF21~1.1E\lib\jmf.jar;C:\PROGRA~1\JMF21~1.1E\lib;H:\ZKM\ZKMEval\ZKM.jar;
PATH=C:/Program Files/Java/jre6/bin/client;C:/Program Files/Java/jre6/bin;C:/Program Files/Java/jre6/lib/i386;C:\app\xiongbiao\product\11.1.0\db_1\bin;C:\Program Files\Common Files\NetSarang;C:\Windows\system32;C:\Windows;C:\Windows\System32\Wbem;C:\Windows\System32\WindowsPowerShell\v1.0\;JAVA_HOME\bin;H:\Python27;H:\Python27\Scripts;C:\Program Files\Java\jdk1.6.0\bin;H:\ant\bin;H:\android-sdk\android-sdk_r14-windows\android-sdk_r14-windows\tools;H:\ZKM\ZKMEval\ZKM.jar;H:\android-sdk\android-sdk_r14-windows\android-sdk_r14-windows\platform-tools;C:\Python25;C:\Program Files\Common Files\Autodesk Shared\;H:\开发工具\ultraedit\UltraEdit\;H:\dev_tools\eclipse工具\eclipse-jee-indigo-SR2-win32\eclipse;
USERNAME=xiongbiao
OS=Windows_NT
PROCESSOR_IDENTIFIER=x86 Family 6 Model 37 Stepping 5, GenuineIntel



---------------  S Y S T E M  ---------------

OS: Windows NT 6.1 Build 7600 

CPU:total 4 (8 cores per cpu, 2 threads per core) family 6 model 5 stepping 5, cmov, cx8, fxsr, mmx, sse, sse2, sse3, ssse3, ht

Memory: 4k page, physical 2097151k(812356k free), swap 4194303k(1301216k free)

vm_info: Java HotSpot(TM) Client VM (11.0-b15) for windows-x86 JRE (1.6.0_10-rc2-b32), built on Sep 12 2008 00:52:11 by "java_re" with MS VC++ 7.1

time: Fri Mar 01 13:29:19 2013
elapsed time: 329 seconds

